<?xml version="1.0" encoding="UTF-8"?>
<testsuite xmlns:xsi="http://www.w3.org/2001/XMLSchema-instance" xsi:noNamespaceSchemaLocation="https://maven.apache.org/surefire/maven-surefire-plugin/xsd/surefire-test-report-3.0.xsd" version="3.0" name="com.teriyake.stava.ConnectionTest" time="0" tests="0" errors="0" skipped="0" failures="0">
  <properties>
    <property name="java.specification.version" value="19"/>
    <property name="sun.cpu.isalist" value="amd64"/>
    <property name="sun.jnu.encoding" value="Cp1252"/>
    <property name="java.class.path" value="C:\Users\Ian\OneDrive\Projects\Coding Projects\Java Projects\StaVa\stava\target\test-classes;C:\Users\Ian\OneDrive\Projects\Coding Projects\Java Projects\StaVa\stava\target\classes;C:\Users\Ian\.m2\repository\junit\junit\3.8.1\junit-3.8.1.jar;C:\Users\Ian\.m2\repository\com\microsoft\playwright\playwright\1.30.0\playwright-1.30.0.jar;C:\Users\Ian\.m2\repository\org\opentest4j\opentest4j\1.2.0\opentest4j-1.2.0.jar;C:\Users\Ian\.m2\repository\com\microsoft\playwright\driver\1.30.0\driver-1.30.0.jar;C:\Users\Ian\.m2\repository\com\microsoft\playwright\driver-bundle\1.30.0\driver-bundle-1.30.0.jar;C:\Users\Ian\.m2\repository\com\google\code\gson\gson\2.10.1\gson-2.10.1.jar;"/>
    <property name="java.vm.vendor" value="Oracle Corporation"/>
    <property name="sun.arch.data.model" value="64"/>
    <property name="user.variant" value=""/>
    <property name="java.vendor.url" value="https://java.oracle.com/"/>
    <property name="user.timezone" value="America/Los_Angeles"/>
    <property name="os.name" value="Windows 11"/>
    <property name="java.vm.specification.version" value="19"/>
    <property name="sun.java.launcher" value="SUN_STANDARD"/>
    <property name="user.country" value="US"/>
    <property name="sun.boot.library.path" value="C:\Program Files\Java\jdk-19\bin"/>
    <property name="sun.java.command" value="C:\Users\Ian\AppData\Local\Temp\surefire1107421738252606120\surefirebooter-20230213181148143_3.jar C:\Users\Ian\AppData\Local\Temp\surefire1107421738252606120 2023-02-13T18-11-47_383-jvmRun1 surefire-20230213181148143_1tmp surefire_0-20230213181148143_2tmp"/>
    <property name="jdk.debug" value="release"/>
    <property name="test" value="ConnectionTest"/>
    <property name="surefire.test.class.path" value="C:\Users\Ian\OneDrive\Projects\Coding Projects\Java Projects\StaVa\stava\target\test-classes;C:\Users\Ian\OneDrive\Projects\Coding Projects\Java Projects\StaVa\stava\target\classes;C:\Users\Ian\.m2\repository\junit\junit\3.8.1\junit-3.8.1.jar;C:\Users\Ian\.m2\repository\com\microsoft\playwright\playwright\1.30.0\playwright-1.30.0.jar;C:\Users\Ian\.m2\repository\org\opentest4j\opentest4j\1.2.0\opentest4j-1.2.0.jar;C:\Users\Ian\.m2\repository\com\microsoft\playwright\driver\1.30.0\driver-1.30.0.jar;C:\Users\Ian\.m2\repository\com\microsoft\playwright\driver-bundle\1.30.0\driver-bundle-1.30.0.jar;C:\Users\Ian\.m2\repository\com\google\code\gson\gson\2.10.1\gson-2.10.1.jar;"/>
    <property name="sun.cpu.endian" value="little"/>
    <property name="user.home" value="C:\Users\Ian"/>
    <property name="user.language" value="en"/>
    <property name="java.specification.vendor" value="Oracle Corporation"/>
    <property name="java.version.date" value="2023-01-17"/>
    <property name="java.home" value="C:\Program Files\Java\jdk-19"/>
    <property name="file.separator" value="\"/>
    <property name="basedir" value="C:\Users\Ian\OneDrive\Projects\Coding Projects\Java Projects\StaVa\stava"/>
    <property name="java.vm.compressedOopsMode" value="32-bit"/>
    <property name="line.separator" value="&#10;"/>
    <property name="java.vm.specification.vendor" value="Oracle Corporation"/>
    <property name="java.specification.name" value="Java Platform API Specification"/>
    <property name="surefire.real.class.path" value="C:\Users\Ian\AppData\Local\Temp\surefire1107421738252606120\surefirebooter-20230213181148143_3.jar"/>
    <property name="user.script" value=""/>
    <property name="sun.management.compiler" value="HotSpot 64-Bit Tiered Compilers"/>
    <property name="java.runtime.version" value="19.0.2+7-44"/>
    <property name="user.name" value="Ian"/>
    <property name="stdout.encoding" value="Cp1252"/>
    <property name="path.separator" value=";"/>
    <property name="os.version" value="10.0"/>
    <property name="java.runtime.name" value="Java(TM) SE Runtime Environment"/>
    <property name="file.encoding" value="UTF-8"/>
    <property name="java.vm.name" value="Java HotSpot(TM) 64-Bit Server VM"/>
    <property name="localRepository" value="C:\Users\Ian\.m2\repository"/>
    <property name="java.vendor.url.bug" value="https://bugreport.java.com/bugreport/"/>
    <property name="java.io.tmpdir" value="C:\Users\Ian\AppData\Local\Temp\"/>
    <property name="java.version" value="19.0.2"/>
    <property name="user.dir" value="C:\Users\Ian\OneDrive\Projects\Coding Projects\Java Projects\StaVa\stava"/>
    <property name="os.arch" value="amd64"/>
    <property name="java.vm.specification.name" value="Java Virtual Machine Specification"/>
    <property name="sun.os.patch.level" value=""/>
    <property name="native.encoding" value="Cp1252"/>
    <property name="java.library.path" value="C:\Program Files\Java\jdk-19\bin;C:\WINDOWS\Sun\Java\bin;C:\WINDOWS\system32;C:\WINDOWS;C:\Program Files\Common Files\Oracle\Java\javapath;C:\windows\system32;C:\windows;C:\windows\System32\Wbem;C:\windows\System32\WindowsPowerShell\v1.0\;C:\windows\System32\OpenSSH\;C:\Program Files\Microsoft SQL Server\150\Tools\Binn\;C:\Program Files\dotnet\;C:\WINDOWS\system32;C:\WINDOWS;C:\WINDOWS\System32\Wbem;C:\WINDOWS\System32\WindowsPowerShell\v1.0\;C:\WINDOWS\System32\OpenSSH\;C:\Program Files\Gradle\gradle-7.6\bin;C:\ProgramData\chocolatey\bin;C:\Program Files\Java\jdk-19\bin;C:\Program Files\Apache Maven\apache-maven-3.9.0\bin;C:\Users\Ian\AppData\Local\Programs\Python\Python310\Scripts\;C:\Users\Ian\AppData\Local\Programs\Python\Python310\;C:\Users\Ian\AppData\Local\Microsoft\WindowsApps;C:\msys64\mingw64\bin;C:\Users\Ian\AppData\Local\Programs\Microsoft VS Code\bin;C:\Users\Ian\AppData\Local\Microsoft\WindowsApps;C:\Program Files\apache-maven-3.8.6\bin;."/>
    <property name="java.vm.info" value="mixed mode, sharing"/>
    <property name="stderr.encoding" value="Cp1252"/>
    <property name="java.vendor" value="Oracle Corporation"/>
    <property name="java.vm.version" value="19.0.2+7-44"/>
    <property name="sun.io.unicode.encoding" value="UnicodeLittle"/>
    <property name="java.class.version" value="63.0"/>
  </properties>
</testsuite>